<?xml version="1.0" encoding="UTF-8"?>
<!-- Generated by org.testng.reporters.JUnitReportReporter -->
<testsuite skipped="0" hostname="Shubham" name="MagentoTest" tests="1" failures="0" timestamp="01 Jul 2018 16:28:04 GMT" time="32.484" errors="0">
  <testcase name="test" time="32.484" classname="MagentoTest"/>
</testsuite> <!-- MagentoTest -->
